<?xml version="1.0" encoding="UTF-8"?>
<testng-results total="1" passed="1" failed="0" skipped="0">
  <reporter-output>
  </reporter-output>
  <suite started-at="2020-12-03T11:53:51Z" name="Default suite" finished-at="2020-12-03T11:53:58Z" duration-ms="6918">
    <groups>
    </groups>
    <test started-at="2020-12-03T11:53:51Z" name="Default test" finished-at="2020-12-03T11:53:58Z" duration-ms="6918">
      <class name="com.seldenmod.selenium.TestClass">
        <test-method signature="mailTest()[pri:0, instance:com.seldenmod.selenium.TestClass@783a467b]" started-at="2020-12-03T16:53:51Z" name="mailTest" finished-at="2020-12-03T16:53:58Z" duration-ms="6910" status="PASS">
          <reporter-output>
          </reporter-output>
        </test-method> <!-- mailTest -->
      </class> <!-- com.seldenmod.selenium.TestClass -->
    </test> <!-- Default test -->
  </suite> <!-- Default suite -->
</testng-results>
